<?xml version="1.0" encoding="UTF-8"?>
<TestRun id="5262dc8d-8e2b-4f4a-86af-69d5014b5372" name="omar@OMAR-PC 2015-04-30 22:49:35" runUser="OMAR-PC\omar" xmlns="http://microsoft.com/schemas/VisualStudio/TeamTest/2010">
  <TestSettings name="Local" id="5d80a348-d93c-4cd2-ba5e-990bf5ff4e83">
    <Description>These are default test settings for a local test run.</Description>
    <Deployment enabled="false" runDeploymentRoot="omar_OMAR-PC 2015-04-30 22_49_35">
      <DeploymentItem filename="C:\Users\omar\Documents\GitHub\NumericalAnalysis\numerical analysis\numerical analysis\bin\Debug\numerical analysis.exe" />
    </Deployment>
    <Execution>
      <TestTypeSpecific />
      <AgentRule name="Execution Agents">
      </AgentRule>
    </Execution>
  </TestSettings>
  <Times creation="2015-04-30T22:49:35.9107856+03:00" queuing="2015-04-30T22:49:38.8758686+03:00" start="2015-04-30T22:49:39.0948691+03:00" finish="2015-04-30T22:51:56.9728392+03:00" />
  <ResultSummary outcome="Error">
    <Counters total="1" executed="1" error="0" failed="0" timeout="0" aborted="1" inconclusive="0" passedButRunAborted="0" notRunnable="0" notExecuted="0" disconnected="0" warning="0" passed="0" completed="0" inProgress="0" pending="0" />
    <RunInfos>
      <RunInfo computerName="OMAR-PC" outcome="Warning" timestamp="2015-04-30T22:49:36.9540687+03:00">
        <Text>Deployment is currently disabled. The deployment item 'numerical analysis.exe' on test 'TestProjectForNumericalAnalysisMethods.GeneralMethodFunctionTest.matrixDeterminantByGaussTest' was not deployed.</Text>
      </RunInfo>
      <RunInfo computerName="OMAR-PC" outcome="Error" timestamp="2015-04-30T22:51:56.9728392+03:00">
        <Text>Test host process exited unexpectedly.</Text>
      </RunInfo>
    </RunInfos>
  </ResultSummary>
  <TestDefinitions>
    <UnitTest name="matrixDeterminantByGaussTest" storage="c:\users\omar\documents\github\numericalanalysis\numerical analysis\testprojectfornumericalanalysismethods\bin\debug\testprojectfornumericalanalysismethods.dll" id="073888ed-0e57-e522-0e96-f60fd887f5ad">
      <DeploymentItems>
        <DeploymentItem filename="numerical analysis.exe" />
      </DeploymentItems>
      <Execution id="db749859-28d4-4d2c-acd9-23a4bc37f56a" />
      <TestMethod codeBase="C:/Users/omar/Documents/GitHub/NumericalAnalysis/numerical analysis/TestProjectForNumericalAnalysisMethods/bin/Debug/TestProjectForNumericalAnalysisMethods.DLL" adapterTypeName="Microsoft.VisualStudio.TestTools.TestTypes.Unit.UnitTestAdapter, Microsoft.VisualStudio.QualityTools.Tips.UnitTest.Adapter, Version=10.0.0.0, Culture=neutral, PublicKeyToken=b03f5f7f11d50a3a" className="TestProjectForNumericalAnalysisMethods.GeneralMethodFunctionTest, TestProjectForNumericalAnalysisMethods, Version=1.0.0.0, Culture=neutral, PublicKeyToken=null" name="matrixDeterminantByGaussTest" />
    </UnitTest>
  </TestDefinitions>
  <TestLists>
    <TestList name="Results Not in a List" id="8c84fa94-04c1-424b-9868-57a2d4851a1d" />
    <TestList name="All Loaded Results" id="19431567-8539-422a-85d7-44ee4e166bda" />
  </TestLists>
  <TestEntries>
    <TestEntry testId="073888ed-0e57-e522-0e96-f60fd887f5ad" executionId="db749859-28d4-4d2c-acd9-23a4bc37f56a" testListId="8c84fa94-04c1-424b-9868-57a2d4851a1d" />
  </TestEntries>
  <Results>
    <UnitTestResult executionId="db749859-28d4-4d2c-acd9-23a4bc37f56a" testId="073888ed-0e57-e522-0e96-f60fd887f5ad" testName="matrixDeterminantByGaussTest" computerName="OMAR-PC" duration="00:02:17.6904897" startTime="2015-04-30T22:49:39.2823495+03:00" endTime="2015-04-30T22:51:56.9728392+03:00" testType="13cdc9d9-ddb5-4fa4-a97d-d965ccfc6d4b" outcome="Aborted" testListId="8c84fa94-04c1-424b-9868-57a2d4851a1d" relativeResultsDirectory="db749859-28d4-4d2c-acd9-23a4bc37f56a">
    </UnitTestResult>
  </Results>
</TestRun>