<?xml version="1.0" encoding="UTF-8"?>
<TestRun id="a4549155-6b2c-406b-938a-57b9ba26a5f4" name="omar@OMAR-PC 2015-05-02 10:25:39" runUser="OMAR-PC\omar" xmlns="http://microsoft.com/schemas/VisualStudio/TeamTest/2010">
  <TestSettings name="Local" id="5d80a348-d93c-4cd2-ba5e-990bf5ff4e83">
    <Description>These are default test settings for a local test run.</Description>
    <Deployment enabled="false" runDeploymentRoot="omar_OMAR-PC 2015-05-02 10_25_39">
      <DeploymentItem filename="C:\Users\omar\Documents\GitHub\NumericalAnalysis\numerical analysis\numerical analysis\bin\Debug\numerical analysis.exe" />
    </Deployment>
    <Execution>
      <TestTypeSpecific />
      <AgentRule name="Execution Agents">
      </AgentRule>
    </Execution>
  </TestSettings>
  <Times creation="2015-05-02T10:25:39.2000838+03:00" queuing="2015-05-02T10:25:41.2126893+03:00" start="2015-05-02T10:25:41.3689586+03:00" finish="2015-05-02T10:25:42.9804744+03:00" />
  <ResultSummary outcome="Warning">
    <Counters total="1" executed="1" passed="1" error="0" failed="0" timeout="0" aborted="0" inconclusive="0" passedButRunAborted="0" notRunnable="0" notExecuted="0" disconnected="0" warning="0" completed="0" inProgress="0" pending="0" />
    <RunInfos>
      <RunInfo computerName="OMAR-PC" outcome="Warning" timestamp="2015-05-02T10:25:39.2480882+03:00">
        <Text>Deployment is currently disabled. The deployment item 'numerical analysis.exe' on test 'TestProjectForNumericalAnalysisMethods.GeneralMethodFunctionTest.matrixDeterminantByGaussTest' was not deployed.</Text>
      </RunInfo>
    </RunInfos>
  </ResultSummary>
  <TestDefinitions>
    <UnitTest name="matrixDeterminantByGaussTest" storage="c:\users\omar\documents\github\numericalanalysis\numerical analysis\testprojectfornumericalanalysismethods\bin\debug\testprojectfornumericalanalysismethods.dll" id="073888ed-0e57-e522-0e96-f60fd887f5ad">
      <DeploymentItems>
        <DeploymentItem filename="numerical analysis.exe" />
      </DeploymentItems>
      <Execution id="efbc9216-ceea-4784-b53d-f00a201dca0e" />
      <TestMethod codeBase="C:/Users/omar/Documents/GitHub/NumericalAnalysis/numerical analysis/TestProjectForNumericalAnalysisMethods/bin/Debug/TestProjectForNumericalAnalysisMethods.DLL" adapterTypeName="Microsoft.VisualStudio.TestTools.TestTypes.Unit.UnitTestAdapter, Microsoft.VisualStudio.QualityTools.Tips.UnitTest.Adapter, Version=10.0.0.0, Culture=neutral, PublicKeyToken=b03f5f7f11d50a3a" className="TestProjectForNumericalAnalysisMethods.GeneralMethodFunctionTest, TestProjectForNumericalAnalysisMethods, Version=1.0.0.0, Culture=neutral, PublicKeyToken=null" name="matrixDeterminantByGaussTest" />
    </UnitTest>
  </TestDefinitions>
  <TestLists>
    <TestList name="Results Not in a List" id="8c84fa94-04c1-424b-9868-57a2d4851a1d" />
    <TestList name="All Loaded Results" id="19431567-8539-422a-85d7-44ee4e166bda" />
  </TestLists>
  <TestEntries>
    <TestEntry testId="073888ed-0e57-e522-0e96-f60fd887f5ad" executionId="efbc9216-ceea-4784-b53d-f00a201dca0e" testListId="8c84fa94-04c1-424b-9868-57a2d4851a1d" />
  </TestEntries>
  <Results>
    <UnitTestResult executionId="efbc9216-ceea-4784-b53d-f00a201dca0e" testId="073888ed-0e57-e522-0e96-f60fd887f5ad" testName="matrixDeterminantByGaussTest" computerName="OMAR-PC" duration="00:00:00.0958514" startTime="2015-05-02T10:25:41.4168130+03:00" endTime="2015-05-02T10:25:42.8398443+03:00" testType="13cdc9d9-ddb5-4fa4-a97d-d965ccfc6d4b" outcome="Passed" testListId="8c84fa94-04c1-424b-9868-57a2d4851a1d" relativeResultsDirectory="efbc9216-ceea-4784-b53d-f00a201dca0e">
    </UnitTestResult>
  </Results>
</TestRun>