<?xml version="1.0" encoding="UTF-8"?>
<TestRun id="a16d7447-acd7-4b42-8f77-b3090b7c2df6" name="omar@OMAR-PC 2015-05-01 22:53:49" runUser="OMAR-PC\omar" xmlns="http://microsoft.com/schemas/VisualStudio/TeamTest/2010">
  <TestSettings name="Local" id="5d80a348-d93c-4cd2-ba5e-990bf5ff4e83">
    <Description>These are default test settings for a local test run.</Description>
    <Deployment enabled="false" runDeploymentRoot="omar_OMAR-PC 2015-05-01 22_53_49">
      <DeploymentItem filename="C:\Users\omar\Documents\GitHub\NumericalAnalysis\numerical analysis\numerical analysis\bin\Debug\numerical analysis.exe" />
    </Deployment>
    <Execution>
      <TestTypeSpecific />
      <AgentRule name="Execution Agents">
      </AgentRule>
    </Execution>
  </TestSettings>
  <Times creation="2015-05-01T22:53:49.4632779+03:00" queuing="2015-05-01T22:53:50.1700887+03:00" start="2015-05-01T22:53:50.2482328+03:00" finish="2015-05-01T22:53:53.4981115+03:00" />
  <ResultSummary outcome="Failed">
    <Counters total="1" executed="1" error="0" failed="1" timeout="0" aborted="0" inconclusive="0" passedButRunAborted="0" notRunnable="0" notExecuted="0" disconnected="0" warning="0" passed="0" completed="0" inProgress="0" pending="0" />
    <RunInfos>
      <RunInfo computerName="OMAR-PC" outcome="Warning" timestamp="2015-05-01T22:53:49.4945406+03:00">
        <Text>Deployment is currently disabled. The deployment item 'numerical analysis.exe' on test 'TestProjectForNumericalAnalysisMethods.GeneralMethodFunctionTest.matrixDeterminantByGaussTest' was not deployed.</Text>
      </RunInfo>
    </RunInfos>
  </ResultSummary>
  <TestDefinitions>
    <UnitTest name="matrixDeterminantByGaussTest" storage="c:\users\omar\documents\github\numericalanalysis\numerical analysis\testprojectfornumericalanalysismethods\bin\debug\testprojectfornumericalanalysismethods.dll" id="073888ed-0e57-e522-0e96-f60fd887f5ad">
      <DeploymentItems>
        <DeploymentItem filename="numerical analysis.exe" />
      </DeploymentItems>
      <Execution id="c7f4532f-11dd-41fd-ad67-f621603baa74" />
      <TestMethod codeBase="C:/Users/omar/Documents/GitHub/NumericalAnalysis/numerical analysis/TestProjectForNumericalAnalysisMethods/bin/Debug/TestProjectForNumericalAnalysisMethods.DLL" adapterTypeName="Microsoft.VisualStudio.TestTools.TestTypes.Unit.UnitTestAdapter, Microsoft.VisualStudio.QualityTools.Tips.UnitTest.Adapter, Version=10.0.0.0, Culture=neutral, PublicKeyToken=b03f5f7f11d50a3a" className="TestProjectForNumericalAnalysisMethods.GeneralMethodFunctionTest, TestProjectForNumericalAnalysisMethods, Version=1.0.0.0, Culture=neutral, PublicKeyToken=null" name="matrixDeterminantByGaussTest" />
    </UnitTest>
  </TestDefinitions>
  <TestLists>
    <TestList name="Results Not in a List" id="8c84fa94-04c1-424b-9868-57a2d4851a1d" />
    <TestList name="All Loaded Results" id="19431567-8539-422a-85d7-44ee4e166bda" />
  </TestLists>
  <TestEntries>
    <TestEntry testId="073888ed-0e57-e522-0e96-f60fd887f5ad" executionId="c7f4532f-11dd-41fd-ad67-f621603baa74" testListId="8c84fa94-04c1-424b-9868-57a2d4851a1d" />
  </TestEntries>
  <Results>
    <UnitTestResult executionId="c7f4532f-11dd-41fd-ad67-f621603baa74" testId="073888ed-0e57-e522-0e96-f60fd887f5ad" testName="matrixDeterminantByGaussTest" computerName="OMAR-PC" duration="00:00:02.6670678" startTime="2015-05-01T22:53:50.3159798+03:00" endTime="2015-05-01T22:53:53.4512805+03:00" testType="13cdc9d9-ddb5-4fa4-a97d-d965ccfc6d4b" outcome="Failed" testListId="8c84fa94-04c1-424b-9868-57a2d4851a1d" relativeResultsDirectory="c7f4532f-11dd-41fd-ad67-f621603baa74">
      <Output>
        <ErrorInfo>
          <Message>Test method TestProjectForNumericalAnalysisMethods.GeneralMethodFunctionTest.matrixDeterminantByGaussTest threw exception: 
System.Exception: samples rows must be exactly 2</Message>
          <StackTrace>   at numerical_analysis.Method_classes.GeneralMethodFunction_Accessor..ctor(Double[,] samplesToInterpolate)
   at TestProjectForNumericalAnalysisMethods.GeneralMethodFunctionTest.matrixDeterminantByGaussTest() in C:\Users\omar\Documents\GitHub\NumericalAnalysis\numerical analysis\TestProjectForNumericalAnalysisMethods\GeneralMethodFunctionTest.cs:line 80
</StackTrace>
        </ErrorInfo>
      </Output>
    </UnitTestResult>
  </Results>
</TestRun>